2024-05-11 13:24:23.537 DEBUG [main] [org.springframework.test.context.support.AbstractTestContextBootstrapper.buildDefaultMergedContextConfiguration(AbstractTestContextBootstrapper.java:263)] - Neither @ContextConfiguration nor @ContextHierarchy found for test class [ReportApplicationTests]: using SpringBootContextLoader
2024-05-11 13:24:23.562 DEBUG [main] [org.springframework.test.context.support.AbstractContextLoader.generateDefaultLocations(AbstractContextLoader.java:271)] - Could not detect default resource locations for test class [com.toyota.report.ReportApplicationTests]: no resource found for suffixes {-context.xml, Context.groovy}.
2024-05-11 13:24:23.577 DEBUG [main] [org.springframework.test.context.support.AbstractTestContextBootstrapper.getContextCustomizerFactories(AbstractTestContextBootstrapper.java:432)] - Using ContextCustomizerFactory implementations for test class [ReportApplicationTests]: [ImportsContextCustomizerFactory, ExcludeFilterContextCustomizerFactory, HttpGraphQlTesterContextCustomizerFactory, DuplicateJsonObjectContextCustomizerFactory, MockitoContextCustomizerFactory, TestRestTemplateContextCustomizerFactory, WebTestClientContextCustomizerFactory, OverrideAutoConfigurationContextCustomizerFactory, ObservabilityContextCustomizerFactory, TypeExcludeFiltersContextCustomizerFactory, PropertyMappingContextCustomizerFactory, WebDriverContextCustomizerFactory, MockServerContainerContextCustomizerFactory, DynamicPropertiesContextCustomizerFactory]
2024-05-11 13:24:23.606 DEBUG [main] [org.springframework.test.context.support.AbstractTestContextBootstrapper.getContextCustomizers(AbstractTestContextBootstrapper.java:370)] - Using ContextCustomizers for test class [ReportApplicationTests]: [ExcludeFilterContextCustomizer, DuplicateJsonObjectContextCustomizer, MockitoContextCustomizer, TestRestTemplateContextCustomizer, DisableObservabilityContextCustomizer, PropertyMappingContextCustomizer, WebDriverContextCustomizer]
2024-05-11 13:24:23.724 DEBUG [main] [org.springframework.test.context.util.TestContextFailureHandler.handleFailure(TestContextFailureHandler.java:43)] - Skipping candidate TestExecutionListener [org.springframework.test.context.observation.MicrometerObservationRegistryTestExecutionListener] due to a missing dependency. Specify custom TestExecutionListener classes or make the default TestExecutionListener classes and their required dependencies available. Offending class: io.micrometer.context.ThreadLocalAccessor. MicrometerObservationRegistryTestExecutionListener requires io.micrometer:micrometer-observation:1.10.8 or higher and io.micrometer:context-propagation:1.0.3 or higher.
2024-05-11 13:24:23.731 DEBUG [main] [org.springframework.test.context.support.AbstractTestContextBootstrapper.getTestExecutionListeners(AbstractTestContextBootstrapper.java:182)] - Using TestExecutionListeners for test class [ReportApplicationTests]: [ServletTestExecutionListener, DirtiesContextBeforeModesTestExecutionListener, ApplicationEventsTestExecutionListener, MockitoTestExecutionListener, DependencyInjectionTestExecutionListener, DirtiesContextTestExecutionListener, TransactionalTestExecutionListener, SqlScriptsTestExecutionListener, EventPublishingTestExecutionListener, ResetMocksTestExecutionListener, RestDocsTestExecutionListener, MockRestServiceServerResetTestExecutionListener, MockMvcPrintOnlyOnFailureTestExecutionListener, WebDriverTestExecutionListener, MockWebServiceServerTestExecutionListener]
2024-05-11 13:24:23.736 DEBUG [main] [org.springframework.test.context.support.AbstractDirtiesContextTestExecutionListener.beforeOrAfterTestClass(AbstractDirtiesContextTestExecutionListener.java:154)] - Before test class: class [ReportApplicationTests], class annotated with @DirtiesContext [false] with mode [null]
2024-05-11 13:24:24.288 INFO [main] [org.springframework.boot.StartupInfoLogger.logStarting(StartupInfoLogger.java:50)] - Starting ReportApplicationTests using Java 17.0.8 with PID 18528 (started by Berkay Kopuz in C:\Users\Berkay Kopuz\Desktop\Projelerim\Toyota\market\report)
2024-05-11 13:24:24.291 DEBUG [main] [org.springframework.boot.StartupInfoLogger.logStarting(StartupInfoLogger.java:51)] - Running with Spring Boot v3.2.2, Spring v6.1.3
2024-05-11 13:24:24.292 INFO [main] [org.springframework.boot.SpringApplication.logStartupProfileInfo(SpringApplication.java:654)] - No active profile set, falling back to 1 default profile: "default"
2024-05-11 13:24:24.294 DEBUG [main] [org.springframework.boot.SpringApplication.load(SpringApplication.java:687)] - Loading source class com.toyota.report.ReportApplicationTests
2024-05-11 13:24:24.345 DEBUG [main] [org.springframework.context.support.AbstractApplicationContext.prepareRefresh(AbstractApplicationContext.java:671)] - Refreshing org.springframework.web.context.support.GenericWebApplicationContext@345cf395
2024-05-11 13:24:24.366 DEBUG [main] [org.springframework.beans.factory.support.DefaultSingletonBeanRegistry.getSingleton(DefaultSingletonBeanRegistry.java:225)] - Creating shared instance of singleton bean 'org.springframework.context.annotation.internalConfigurationAnnotationProcessor'
2024-05-11 13:24:24.386 DEBUG [main] [org.springframework.beans.factory.support.DefaultSingletonBeanRegistry.getSingleton(DefaultSingletonBeanRegistry.java:225)] - Creating shared instance of singleton bean 'org.springframework.boot.autoconfigure.internalCachingMetadataReaderFactory'
2024-05-11 13:24:24.416 DEBUG [main] [org.springframework.beans.factory.support.DefaultSingletonBeanRegistry.getSingleton(DefaultSingletonBeanRegistry.java:225)] - Creating shared instance of singleton bean 'org.springframework.boot.test.mock.mockito.MockitoPostProcessor'
2024-05-11 13:24:24.416 DEBUG [main] [org.springframework.beans.factory.support.DefaultSingletonBeanRegistry.getSingleton(DefaultSingletonBeanRegistry.java:225)] - Creating shared instance of singleton bean 'org.springframework.context.event.internalEventListenerProcessor'
2024-05-11 13:24:24.416 DEBUG [main] [org.springframework.beans.factory.support.DefaultSingletonBeanRegistry.getSingleton(DefaultSingletonBeanRegistry.java:225)] - Creating shared instance of singleton bean 'org.springframework.context.event.internalEventListenerFactory'
2024-05-11 13:24:24.425 DEBUG [main] [org.springframework.beans.factory.support.DefaultSingletonBeanRegistry.getSingleton(DefaultSingletonBeanRegistry.java:225)] - Creating shared instance of singleton bean 'org.springframework.boot.test.mock.mockito.MockitoPostProcessor$SpyPostProcessor'
2024-05-11 13:24:24.426 DEBUG [main] [org.springframework.beans.factory.support.DefaultSingletonBeanRegistry.getSingleton(DefaultSingletonBeanRegistry.java:225)] - Creating shared instance of singleton bean 'org.springframework.context.annotation.internalAutowiredAnnotationProcessor'
2024-05-11 13:24:24.426 DEBUG [main] [org.springframework.beans.factory.support.DefaultSingletonBeanRegistry.getSingleton(DefaultSingletonBeanRegistry.java:225)] - Creating shared instance of singleton bean 'org.springframework.context.annotation.internalCommonAnnotationProcessor'
2024-05-11 13:24:24.430 DEBUG [main] [org.springframework.beans.factory.support.DefaultSingletonBeanRegistry.getSingleton(DefaultSingletonBeanRegistry.java:225)] - Creating shared instance of singleton bean 'org.springframework.context.annotation.internalPersistenceAnnotationProcessor'
2024-05-11 13:24:24.435 DEBUG [main] [org.springframework.ui.context.support.UiApplicationContextUtils.initThemeSource(UiApplicationContextUtils.java:86)] - Unable to locate ThemeSource with name 'themeSource': using default [org.springframework.ui.context.support.ResourceBundleThemeSource@7487b142]
2024-05-11 13:24:24.436 DEBUG [main] [org.springframework.beans.factory.support.DefaultSingletonBeanRegistry.getSingleton(DefaultSingletonBeanRegistry.java:225)] - Creating shared instance of singleton bean 'reportApplicationTests'
2024-05-11 13:24:24.460 DEBUG [main] [org.springframework.context.support.DefaultLifecycleProcessor$LifecycleGroup.start(DefaultLifecycleProcessor.java:464)] - Starting beans in phase -2147483647
2024-05-11 13:24:24.462 DEBUG [main] [org.springframework.context.support.DefaultLifecycleProcessor.doStart(DefaultLifecycleProcessor.java:290)] - Successfully started bean 'springBootLoggingLifecycle'
2024-05-11 13:24:24.463 INFO [main] [org.springframework.boot.StartupInfoLogger.logStarted(StartupInfoLogger.java:56)] - Started ReportApplicationTests in 0.677 seconds (process running for 2.128)
2024-05-11 13:24:24.564 DEBUG [main] [org.springframework.test.context.cache.DefaultContextCache.logStatistics(DefaultContextCache.java:276)] - Spring test ApplicationContext cache statistics: [DefaultContextCache@5c8e67b9 size = 1, maxSize = 32, parentContextCount = 0, hitCount = 0, missCount = 1, failureCount = 0]
2024-05-11 13:24:24.565 DEBUG [main] [org.springframework.test.context.web.ServletTestExecutionListener.setUpRequestContextIfNecessary(ServletTestExecutionListener.java:206)] - Setting up MockHttpServletRequest, MockHttpServletResponse, ServletWebRequest, and RequestContextHolder for test class com.toyota.report.ReportApplicationTests
2024-05-11 13:24:24.590 DEBUG [main] [org.springframework.test.context.support.DependencyInjectionTestExecutionListener.prepareTestInstance(DependencyInjectionTestExecutionListener.java:92)] - Performing dependency injection for test class com.toyota.report.ReportApplicationTests
2024-05-11 13:24:24.591 DEBUG [main] [org.springframework.test.context.cache.DefaultContextCache.logStatistics(DefaultContextCache.java:276)] - Spring test ApplicationContext cache statistics: [DefaultContextCache@5c8e67b9 size = 1, maxSize = 32, parentContextCount = 0, hitCount = 1, missCount = 1, failureCount = 0]
2024-05-11 13:24:24.592 DEBUG [main] [org.springframework.test.context.cache.DefaultContextCache.logStatistics(DefaultContextCache.java:276)] - Spring test ApplicationContext cache statistics: [DefaultContextCache@5c8e67b9 size = 1, maxSize = 32, parentContextCount = 0, hitCount = 2, missCount = 1, failureCount = 0]
2024-05-11 13:24:24.606 DEBUG [main] [org.springframework.test.context.support.AbstractDirtiesContextTestExecutionListener.beforeOrAfterTestMethod(AbstractDirtiesContextTestExecutionListener.java:114)] - Before test method: class [ReportApplicationTests], method [contextLoads], class annotated with @DirtiesContext [false] with mode [null], method annotated with @DirtiesContext [false] with mode [null]
2024-05-11 13:24:24.610 DEBUG [main] [org.springframework.test.context.cache.DefaultContextCache.logStatistics(DefaultContextCache.java:276)] - Spring test ApplicationContext cache statistics: [DefaultContextCache@5c8e67b9 size = 1, maxSize = 32, parentContextCount = 0, hitCount = 3, missCount = 1, failureCount = 0]
2024-05-11 13:24:24.610 DEBUG [main] [org.springframework.test.context.cache.DefaultContextCache.logStatistics(DefaultContextCache.java:276)] - Spring test ApplicationContext cache statistics: [DefaultContextCache@5c8e67b9 size = 1, maxSize = 32, parentContextCount = 0, hitCount = 4, missCount = 1, failureCount = 0]
2024-05-11 13:24:25.538 DEBUG [main] [org.springframework.test.context.cache.DefaultContextCache.logStatistics(DefaultContextCache.java:276)] - Spring test ApplicationContext cache statistics: [DefaultContextCache@5c8e67b9 size = 1, maxSize = 32, parentContextCount = 0, hitCount = 5, missCount = 1, failureCount = 0]
2024-05-11 13:24:25.550 DEBUG [main] [org.springframework.test.context.cache.DefaultContextCache.logStatistics(DefaultContextCache.java:276)] - Spring test ApplicationContext cache statistics: [DefaultContextCache@5c8e67b9 size = 1, maxSize = 32, parentContextCount = 0, hitCount = 6, missCount = 1, failureCount = 0]
2024-05-11 13:24:25.552 DEBUG [main] [org.springframework.test.context.cache.DefaultContextCache.logStatistics(DefaultContextCache.java:276)] - Spring test ApplicationContext cache statistics: [DefaultContextCache@5c8e67b9 size = 1, maxSize = 32, parentContextCount = 0, hitCount = 7, missCount = 1, failureCount = 0]
2024-05-11 13:24:25.552 DEBUG [main] [org.springframework.test.context.cache.DefaultContextCache.logStatistics(DefaultContextCache.java:276)] - Spring test ApplicationContext cache statistics: [DefaultContextCache@5c8e67b9 size = 1, maxSize = 32, parentContextCount = 0, hitCount = 8, missCount = 1, failureCount = 0]
2024-05-11 13:24:25.555 DEBUG [main] [org.springframework.test.context.cache.DefaultContextCache.logStatistics(DefaultContextCache.java:276)] - Spring test ApplicationContext cache statistics: [DefaultContextCache@5c8e67b9 size = 1, maxSize = 32, parentContextCount = 0, hitCount = 9, missCount = 1, failureCount = 0]
2024-05-11 13:24:25.556 DEBUG [main] [org.springframework.test.context.cache.DefaultContextCache.logStatistics(DefaultContextCache.java:276)] - Spring test ApplicationContext cache statistics: [DefaultContextCache@5c8e67b9 size = 1, maxSize = 32, parentContextCount = 0, hitCount = 10, missCount = 1, failureCount = 0]
2024-05-11 13:24:25.556 DEBUG [main] [org.springframework.test.context.cache.DefaultContextCache.logStatistics(DefaultContextCache.java:276)] - Spring test ApplicationContext cache statistics: [DefaultContextCache@5c8e67b9 size = 1, maxSize = 32, parentContextCount = 0, hitCount = 11, missCount = 1, failureCount = 0]
2024-05-11 13:24:25.556 DEBUG [main] [org.springframework.test.context.support.AbstractDirtiesContextTestExecutionListener.beforeOrAfterTestMethod(AbstractDirtiesContextTestExecutionListener.java:114)] - After test method: class [ReportApplicationTests], method [contextLoads], class annotated with @DirtiesContext [false] with mode [null], method annotated with @DirtiesContext [false] with mode [null]
2024-05-11 13:24:25.556 DEBUG [main] [org.springframework.test.context.web.ServletTestExecutionListener.afterTestMethod(ServletTestExecutionListener.java:167)] - Resetting RequestContextHolder for test class com.toyota.report.ReportApplicationTests
2024-05-11 13:24:25.570 DEBUG [main] [org.springframework.test.context.cache.DefaultContextCache.logStatistics(DefaultContextCache.java:276)] - Spring test ApplicationContext cache statistics: [DefaultContextCache@5c8e67b9 size = 1, maxSize = 32, parentContextCount = 0, hitCount = 12, missCount = 1, failureCount = 0]
2024-05-11 13:24:25.571 DEBUG [main] [org.springframework.test.context.support.AbstractDirtiesContextTestExecutionListener.beforeOrAfterTestClass(AbstractDirtiesContextTestExecutionListener.java:154)] - After test class: class [ReportApplicationTests], class annotated with @DirtiesContext [false] with mode [null]
2024-05-11 13:24:26.157 DEBUG [main] [com.toyota.report.service.SaleListingService.getAllSalesWithPaginationAndSorting(SaleListingService.java:94)] - Received request to get all sales with pagination and sorting
2024-05-11 13:24:26.168 INFO [main] [com.toyota.report.service.SaleListingService.getAllSalesWithPaginationAndSorting(SaleListingService.java:100)] - Returning all sales
2024-05-11 13:24:26.246 DEBUG [main] [com.toyota.report.service.SaleListingService.createBillForSale(SaleListingService.java:128)] - Received request to create bill for sale with id: 123
2024-05-11 13:24:26.254 DEBUG [main] [com.toyota.report.service.SaleListingService.getSale(SaleListingService.java:111)] - Received request to get sale with id: 123
2024-05-11 13:24:26.260 DEBUG [main] [com.toyota.report.service.SaleListingService.getSale(SaleListingService.java:111)] - Received request to get sale with id: 123
2024-05-11 13:24:26.262 INFO [main] [com.toyota.report.service.SaleListingService.getSale(SaleListingService.java:116)] - Getting specific sale with id:123
2024-05-11 13:24:26.268 DEBUG [main] [com.toyota.report.service.SaleListingService.getSale(SaleListingService.java:111)] - Received request to get sale with id: 123
2024-05-11 13:24:26.289 DEBUG [main] [com.toyota.report.service.SaleListingService.createBillForSale(SaleListingService.java:128)] - Received request to create bill for sale with id: 123
2024-05-11 13:24:26.290 DEBUG [main] [com.toyota.report.service.SaleListingService.getSale(SaleListingService.java:111)] - Received request to get sale with id: 123
2024-05-11 13:24:26.290 INFO [main] [com.toyota.report.service.SaleListingService.getSale(SaleListingService.java:116)] - Getting specific sale with id:123
2024-05-11 13:24:26.726 INFO [main] [com.toyota.report.service.SaleListingService.createBillForSale(SaleListingService.java:203)] - Creating bill for requested sale with id: 123
2024-05-11 13:24:26.732 DEBUG [main] [com.toyota.report.service.SaleListingService.getSalesWithPaginationAndSortingByDate(SaleListingService.java:53)] - Received request to get sales with pagination and sorting by date
2024-05-11 13:24:26.732 INFO [main] [com.toyota.report.service.SaleListingService.getSalesWithPaginationAndSortingByDate(SaleListingService.java:59)] - Returning sales for the specified date
2024-05-11 13:24:26.738 DEBUG [main] [com.toyota.report.service.SaleListingService.getSalesWithPaginationAndSortingByCashierName(SaleListingService.java:74)] - Received request to get sales with pagination and sorting by cashier name
2024-05-11 13:24:26.738 INFO [main] [com.toyota.report.service.SaleListingService.getSalesWithPaginationAndSortingByCashierName(SaleListingService.java:80)] - Returning sales for the specified cashier
2024-05-11 13:24:26.777 DEBUG [SpringApplicationShutdownHook] [org.springframework.context.support.AbstractApplicationContext.doClose(AbstractApplicationContext.java:1122)] - Closing org.springframework.web.context.support.GenericWebApplicationContext@345cf395, started on Sat May 11 13:24:24 TRT 2024
2024-05-11 13:24:26.785 DEBUG [SpringApplicationShutdownHook] [org.springframework.context.support.DefaultLifecycleProcessor$LifecycleGroup.stop(DefaultLifecycleProcessor.java:476)] - Stopping beans in phase -2147483647
2024-05-11 13:24:26.787 DEBUG [SpringApplicationShutdownHook] [org.springframework.context.support.DefaultLifecycleProcessor.lambda$doStop$4(DefaultLifecycleProcessor.java:348)] - Bean 'springBootLoggingLifecycle' completed its stop procedure
