2024-04-08 15:34:26.171 INFO [main] [com.toyota.selling.service.ProductService.deleteProduct(ProductService.java:82)] - Product deleted
2024-04-08 15:34:26.196 WARN [main] [com.toyota.selling.service.ProductService.createProduct(ProductService.java:41)] - Invalid product data. All fields must be valid.
2024-04-08 15:34:26.211 WARN [main] [com.toyota.selling.service.ProductService.deleteProduct(ProductService.java:86)] - Product not found with id: 1
2024-04-08 15:34:26.254 INFO [main] [com.toyota.selling.service.ProductService.createProduct(ProductService.java:53)] - Creating new product object
2024-04-08 15:34:26.258 WARN [main] [com.toyota.selling.service.ProductService.createProduct(ProductService.java:33)] - Invalid product data. All fields are required.
2024-04-08 15:34:48.151 INFO [main] [com.toyota.selling.service.CampaignService.getAllCampaigns(CampaignService.java:30)] - Getting all campaigns
2024-04-08 15:34:48.199 INFO [main] [com.toyota.selling.service.CampaignService.deleteCampaign(CampaignService.java:92)] - Campaign deleted
2024-04-08 15:34:48.207 WARN [main] [com.toyota.selling.service.CampaignService.createCampaign(CampaignService.java:61)] - Discount rate could not higher than 100 percent
2024-04-08 15:34:48.215 WARN [main] [com.toyota.selling.service.CampaignService.createCampaign(CampaignService.java:48)] - Invalid campaign data. All fields are required.
2024-04-08 15:34:48.221 WARN [main] [com.toyota.selling.service.CampaignService.deleteCampaign(CampaignService.java:96)] - Campaign not found with id: 1
2024-04-08 15:34:48.256 WARN [main] [com.toyota.selling.service.CampaignService.createCampaign(CampaignService.java:56)] - Invalid campaign data. All fields must be valid.
2024-04-08 15:34:48.367 INFO [main] [com.toyota.selling.service.ProductService.deleteProduct(ProductService.java:82)] - Product deleted
2024-04-08 15:34:48.372 WARN [main] [com.toyota.selling.service.ProductService.createProduct(ProductService.java:41)] - Invalid product data. All fields must be valid.
2024-04-08 15:34:48.380 WARN [main] [com.toyota.selling.service.ProductService.deleteProduct(ProductService.java:86)] - Product not found with id: 1
2024-04-08 15:34:48.390 INFO [main] [com.toyota.selling.service.ProductService.createProduct(ProductService.java:53)] - Creating new product object
2024-04-08 15:34:48.393 WARN [main] [com.toyota.selling.service.ProductService.createProduct(ProductService.java:33)] - Invalid product data. All fields are required.
2024-04-08 15:34:48.448 INFO [main] [com.toyota.selling.service.SellingService.makeSale(SellingService.java:117)] - Requested sale has completed
2024-04-08 15:34:48.460 WARN [main] [com.toyota.selling.service.SellingService.makeSale(SellingService.java:60)] - Requested amount must not be higher than available value.
2024-04-08 15:34:48.469 INFO [main] [com.toyota.selling.service.SellingService.makeSale(SellingService.java:117)] - Requested sale has completed
2024-04-08 15:34:48.475 WARN [main] [com.toyota.selling.service.SellingService.makeSale(SellingService.java:97)] - Requested campaign is not available now.
